INFO 2026-05-15 16:53:21,590 autoreload 12204 16252 C:\Users\r4v3n\Desktop\mobile\django-rest-backend\website\models.py changed, reloading.
INFO 2026-05-15 16:53:21,460 autoreload 9 124341624247040 /app/website/models.py changed, reloading.
INFO 2026-05-15 16:53:24,740 autoreload 25 138412545032960 Watching for file changes with StatReloader
INFO 2026-05-15 16:53:25,565 autoreload 17836 22516 Watching for file changes with StatReloader
INFO 2026-05-15 17:11:33,426 autoreload 17836 22516 C:\Users\r4v3n\Desktop\mobile\django-rest-backend\website\admin.py changed, reloading.
INFO 2026-05-15 17:11:34,862 autoreload 25 138412545032960 /app/website/admin.py changed, reloading.
INFO 2026-05-15 17:11:36,705 autoreload 18692 13836 Watching for file changes with StatReloader
INFO 2026-05-15 17:11:37,784 autoreload 29 136978967413504 Watching for file changes with StatReloader
INFO 2026-05-15 17:14:24,901 autoreload 29 136978967413504 /app/website/models.py changed, reloading.
INFO 2026-05-15 17:14:24,303 autoreload 18692 13836 C:\Users\r4v3n\Desktop\mobile\django-rest-backend\website\models.py changed, reloading.
INFO 2026-05-15 17:14:27,968 autoreload 33 125311160156928 Watching for file changes with StatReloader
INFO 2026-05-15 17:14:27,800 autoreload 11364 14888 Watching for file changes with StatReloader
INFO 2026-05-15 17:24:40,206 autoreload 11364 14888 C:\Users\r4v3n\Desktop\mobile\django-rest-backend\website\models.py changed, reloading.
INFO 2026-05-15 17:24:40,965 autoreload 33 125311160156928 /app/website/models.py changed, reloading.
INFO 2026-05-15 17:24:44,093 autoreload 37 127824356979456 Watching for file changes with StatReloader
INFO 2026-05-15 17:24:43,789 autoreload 17844 18864 Watching for file changes with StatReloader
INFO 2026-05-15 17:24:48,263 autoreload 17844 18864 C:\Users\r4v3n\Desktop\mobile\django-rest-backend\website\admin.py changed, reloading.
INFO 2026-05-15 17:24:48,803 autoreload 37 127824356979456 /app/website/admin.py changed, reloading.
INFO 2026-05-15 17:24:51,243 autoreload 18408 6228 Watching for file changes with StatReloader
INFO 2026-05-15 17:25:04,554 autoreload 41 136597332345600 Watching for file changes with StatReloader
INFO 2026-05-16 16:39:16,519 runserver 18408 8576 [32mHTTP GET /admin 301 [0.28, 127.0.0.1:59719][0m
INFO 2026-05-16 16:39:17,704 runserver 18408 8576 [32mHTTP GET /admin/ 302 [1.17, 127.0.0.1:59719][0m
INFO 2026-05-16 16:39:18,404 runserver 18408 8576 [mHTTP GET /admin/login/?next=/admin/ 200 [0.69, 127.0.0.1:59719][0m
INFO 2026-05-16 16:39:19,077 runserver 18408 8576 [mHTTP GET /static/unfold/fonts/inter/styles.css 200 [0.59, 127.0.0.1:59719][0m
INFO 2026-05-16 16:39:19,118 runserver 18408 8576 [mHTTP GET /static/unfold/js/chart/chart.js 200 [0.03, 127.0.0.1:59719][0m
INFO 2026-05-16 16:39:19,162 runserver 18408 8576 [mHTTP GET /static/unfold/css/styles.css 200 [0.65, 127.0.0.1:53580][0m
INFO 2026-05-16 16:39:19,207 runserver 18408 8576 [mHTTP GET /static/unfold/js/app.js 200 [0.07, 127.0.0.1:59719][0m
INFO 2026-05-16 16:39:19,218 runserver 18408 8576 [mHTTP GET /static/unfold/css/simplebar/simplebar.css 200 [0.70, 127.0.0.1:49418][0m
INFO 2026-05-16 16:39:19,252 runserver 18408 8576 [mHTTP GET /static/unfold/js/simplebar/simplebar.js 200 [0.07, 127.0.0.1:53580][0m
INFO 2026-05-16 16:39:19,300 runserver 18408 8576 [mHTTP GET /static/unfold/fonts/material-symbols/styles.css 200 [0.80, 127.0.0.1:52688][0m
INFO 2026-05-16 16:39:19,326 runserver 18408 8576 [mHTTP GET /static/css/admin_theme.css 200 [0.83, 127.0.0.1:59078][0m
INFO 2026-05-16 16:39:19,330 runserver 18408 8576 [mHTTP GET /static/unfold/js/htmx/htmx.js 200 [0.81, 127.0.0.1:50952][0m
INFO 2026-05-16 16:39:22,005 runserver 18408 8576 [mHTTP GET /static/unfold/js/alpine/alpine.anchor.js 200 [0.14, 127.0.0.1:50952][0m
INFO 2026-05-16 16:39:22,035 runserver 18408 8576 [mHTTP GET /static/unfold/js/alpine/alpine.sort.js 200 [0.10, 127.0.0.1:52688][0m
INFO 2026-05-16 16:39:22,045 runserver 18408 8576 [mHTTP GET /static/unfold/js/alpine/alpine.resize.js 200 [0.11, 127.0.0.1:53580][0m
INFO 2026-05-16 16:39:22,054 runserver 18408 8576 [mHTTP GET /static/unfold/js/alpine/alpine.persist.js 200 [0.15, 127.0.0.1:59078][0m
INFO 2026-05-16 16:39:22,084 runserver 18408 8576 [mHTTP GET /static/unfold/js/alpine/alpine.js 200 [0.15, 127.0.0.1:49418][0m
INFO 2026-05-16 16:39:22,421 runserver 18408 8576 [mHTTP GET /static/unfold/fonts/material-symbols/Material-Symbols-Outlined.woff2 200 [0.03, 127.0.0.1:49418][0m
WARNING 2026-05-16 16:39:23,164 runserver 18408 8576 [33mHTTP GET /favicon.ico 404 [0.13, 127.0.0.1:49418][0m
INFO 2026-05-16 16:39:45,644 autoreload 24400 6720 Watching for file changes with StatReloader
INFO 2026-05-16 16:39:49,405 runserver 18408 8576 [mHTTP POST /admin/login/?next=/admin/ 200 [5.82, 127.0.0.1:49418][0m
INFO 2026-05-16 16:40:00,986 runserver 18408 8576 [mHTTP POST /admin/login/?next=/admin/ 200 [5.47, 127.0.0.1:49418][0m
INFO 2026-05-16 16:41:30,930 runserver 18408 8576 [mHTTP GET / 200 [0.75, 127.0.0.1:64770][0m
INFO 2026-05-16 16:41:33,177 runserver 18408 8576 [mHTTP GET /admin/ 200 [0.91, 127.0.0.1:64770][0m
INFO 2026-05-16 16:41:33,279 runserver 18408 8576 [36mHTTP GET /static/css/admin_theme.css 304 [0.01, 127.0.0.1:64770][0m
WARNING 2026-05-16 16:41:34,543 runserver 18408 8576 [33mHTTP GET /favicon.ico 404 [0.16, 127.0.0.1:64770][0m
ERROR 2026-05-16 16:41:42,542 log 18408 4044 Internal Server Error: /admin/rides/ride/
Traceback (most recent call last):
  File "C:\Users\r4v3n\miniconda3\Lib\site-packages\django\db\models\options.py", line 684, in get_field
    return self.fields_map[field_name]
           ~~~~~~~~~~~~~~~^^^^^^^^^^^^
KeyError: 'has_incidents'

During handling of the above exception, another exception occurred:

Traceback (most recent call last):
  File "C:\Users\r4v3n\miniconda3\Lib\site-packages\django\contrib\admin\utils.py", line 293, in lookup_field
    f = _get_non_gfk_field(opts, name)
  File "C:\Users\r4v3n\miniconda3\Lib\site-packages\django\contrib\admin\utils.py", line 333, in _get_non_gfk_field
    field = opts.get_field(name)
  File "C:\Users\r4v3n\miniconda3\Lib\site-packages\django\db\models\options.py", line 686, in get_field
    raise FieldDoesNotExist(
        "%s has no field named '%s'" % (self.object_name, field_name)
    )
django.core.exceptions.FieldDoesNotExist: Ride has no field named 'has_incidents'

During handling of the above exception, another exception occurred:

Traceback (most recent call last):
  File "C:\Users\r4v3n\miniconda3\Lib\site-packages\asgiref\sync.py", line 557, in thread_handler
    raise exc_info[1]
  File "C:\Users\r4v3n\miniconda3\Lib\site-packages\django\core\handlers\exception.py", line 42, in inner
    response = await get_response(request)
               ^^^^^^^^^^^^^^^^^^^^^^^^^^^
  File "C:\Users\r4v3n\miniconda3\Lib\site-packages\asgiref\sync.py", line 557, in thread_handler
    raise exc_info[1]
  File "C:\Users\r4v3n\miniconda3\Lib\site-packages\django\core\handlers\base.py", line 285, in _get_response_async
    response = await sync_to_async(
               ^^^^^^^^^^^^^^^^^^^^
        response.render, thread_sensitive=True
        ^^^^^^^^^^^^^^^^^^^^^^^^^^^^^^^^^^^^^^
    )()
    ^^^
  File "C:\Users\r4v3n\miniconda3\Lib\site-packages\asgiref\sync.py", line 506, in __call__
    ret = await asyncio.shield(exec_coro)
          ^^^^^^^^^^^^^^^^^^^^^^^^^^^^^^^
  File "C:\Users\r4v3n\miniconda3\Lib\concurrent\futures\thread.py", line 59, in run
    result = self.fn(*self.args, **self.kwargs)
  File "C:\Users\r4v3n\miniconda3\Lib\site-packages\asgiref\sync.py", line 561, in thread_handler
    return func(*args, **kwargs)
  File "C:\Users\r4v3n\miniconda3\Lib\site-packages\django\template\response.py", line 114, in render
    self.content = self.rendered_content
                   ^^^^^^^^^^^^^^^^^^^^^
  File "C:\Users\r4v3n\miniconda3\Lib\site-packages\django\template\response.py", line 92, in rendered_content
    return template.render(context, self._request)
           ~~~~~~~~~~~~~~~^^^^^^^^^^^^^^^^^^^^^^^^
  File "C:\Users\r4v3n\miniconda3\Lib\site-packages\django\template\backends\django.py", line 107, in render
    return self.template.render(context)
           ~~~~~~~~~~~~~~~~~~~~^^^^^^^^^
  File "C:\Users\r4v3n\miniconda3\Lib\site-packages\django\template\base.py", line 174, in render
    return self._render(context)
           ~~~~~~~~~~~~^^^^^^^^^
  File "C:\Users\r4v3n\miniconda3\Lib\site-packages\django\template\base.py", line 166, in _render
    return self.nodelist.render(context)
           ~~~~~~~~~~~~~~~~~~~~^^^^^^^^^
  File "C:\Users\r4v3n\miniconda3\Lib\site-packages\django\template\base.py", line 1091, in render
    return SafeString("".join([node.render_annotated(context) for node in self]))
                               ~~~~~~~~~~~~~~~~~~~~~^^^^^^^^^
  File "C:\Users\r4v3n\miniconda3\Lib\site-packages\django\template\base.py", line 1052, in render_annotated
    return self.render(context)
           ~~~~~~~~~~~^^^^^^^^^
  File "C:\Users\r4v3n\miniconda3\Lib\site-packages\django\template\loader_tags.py", line 160, in render
    return compiled_parent._render(context)
           ~~~~~~~~~~~~~~~~~~~~~~~^^^^^^^^^
  File "C:\Users\r4v3n\miniconda3\Lib\site-packages\django\template\base.py", line 166, in _render
    return self.nodelist.render(context)
           ~~~~~~~~~~~~~~~~~~~~^^^^^^^^^
  File "C:\Users\r4v3n\miniconda3\Lib\site-packages\django\template\base.py", line 1091, in render
    return SafeString("".join([node.render_annotated(context) for node in self]))
                               ~~~~~~~~~~~~~~~~~~~~~^^^^^^^^^
  File "C:\Users\r4v3n\miniconda3\Lib\site-packages\django\template\base.py", line 1052, in render_annotated
    return self.render(context)
           ~~~~~~~~~~~^^^^^^^^^
  File "C:\Users\r4v3n\miniconda3\Lib\site-packages\django\template\loader_tags.py", line 160, in render
    return compiled_parent._render(context)
           ~~~~~~~~~~~~~~~~~~~~~~~^^^^^^^^^
  File "C:\Users\r4v3n\miniconda3\Lib\site-packages\django\template\base.py", line 166, in _render
    return self.nodelist.render(context)
           ~~~~~~~~~~~~~~~~~~~~^^^^^^^^^
  File "C:\Users\r4v3n\miniconda3\Lib\site-packages\django\template\base.py", line 1091, in render
    return SafeString("".join([node.render_annotated(context) for node in self]))
                               ~~~~~~~~~~~~~~~~~~~~~^^^^^^^^^
  File "C:\Users\r4v3n\miniconda3\Lib\site-packages\django\template\base.py", line 1052, in render_annotated
    return self.render(context)
           ~~~~~~~~~~~^^^^^^^^^
  File "C:\Users\r4v3n\miniconda3\Lib\site-packages\django\template\loader_tags.py", line 160, in render
    return compiled_parent._render(context)
           ~~~~~~~~~~~~~~~~~~~~~~~^^^^^^^^^
  File "C:\Users\r4v3n\miniconda3\Lib\site-packages\django\template\base.py", line 166, in _render
    return self.nodelist.render(context)
           ~~~~~~~~~~~~~~~~~~~~^^^^^^^^^
  File "C:\Users\r4v3n\miniconda3\Lib\site-packages\django\template\base.py", line 1091, in render
    return SafeString("".join([node.render_annotated(context) for node in self]))
                               ~~~~~~~~~~~~~~~~~~~~~^^^^^^^^^
  File "C:\Users\r4v3n\miniconda3\Lib\site-packages\django\template\base.py", line 1052, in render_annotated
    return self.render(context)
           ~~~~~~~~~~~^^^^^^^^^
  File "C:\Users\r4v3n\miniconda3\Lib\site-packages\django\template\loader_tags.py", line 66, in render
    result = block.nodelist.render(context)
  File "C:\Users\r4v3n\miniconda3\Lib\site-packages\django\template\base.py", line 1091, in render
    return SafeString("".join([node.render_annotated(context) for node in self]))
                               ~~~~~~~~~~~~~~~~~~~~~^^^^^^^^^
  File "C:\Users\r4v3n\miniconda3\Lib\site-packages\django\template\base.py", line 1052, in render_annotated
    return self.render(context)
           ~~~~~~~~~~~^^^^^^^^^
  File "C:\Users\r4v3n\miniconda3\Lib\site-packages\django\template\loader_tags.py", line 66, in render
    result = block.nodelist.render(context)
  File "C:\Users\r4v3n\miniconda3\Lib\site-packages\django\template\base.py", line 1091, in render
    return SafeString("".join([node.render_annotated(context) for node in self]))
                               ~~~~~~~~~~~~~~~~~~~~~^^^^^^^^^
  File "C:\Users\r4v3n\miniconda3\Lib\site-packages\django\template\base.py", line 1052, in render_annotated
    return self.render(context)
           ~~~~~~~~~~~^^^^^^^^^
  File "C:\Users\r4v3n\miniconda3\Lib\site-packages\django\template\loader_tags.py", line 66, in render
    result = block.nodelist.render(context)
  File "C:\Users\r4v3n\miniconda3\Lib\site-packages\django\template\base.py", line 1091, in render
    return SafeString("".join([node.render_annotated(context) for node in self]))
                               ~~~~~~~~~~~~~~~~~~~~~^^^^^^^^^
  File "C:\Users\r4v3n\miniconda3\Lib\site-packages\django\template\base.py", line 1052, in render_annotated
    return self.render(context)
           ~~~~~~~~~~~^^^^^^^^^
  File "C:\Users\r4v3n\miniconda3\Lib\site-packages\django\contrib\admin\templatetags\base.py", line 47, in render
    return super().render(context)
           ~~~~~~~~~~~~~~^^^^^^^^^
  File "C:\Users\r4v3n\miniconda3\Lib\site-packages\django\template\library.py", line 363, in render
    _dict = self.func(*resolved_args, **resolved_kwargs)
  File "C:\Users\r4v3n\miniconda3\Lib\site-packages\unfold\templatetags\unfold_list.py", line 401, in result_list
    "results": list(results(cl)),
               ~~~~^^^^^^^^^^^^^
  File "C:\Users\r4v3n\miniconda3\Lib\site-packages\unfold\templatetags\unfold_list.py", line 382, in results
    yield UnfoldResultList(res, None, items_for_result(cl, res, None))
          ~~~~~~~~~~~~~~~~^^^^^^^^^^^^^^^^^^^^^^^^^^^^^^^^^^^^^^^^^^^^
  File "C:\Users\r4v3n\miniconda3\Lib\site-packages\unfold\templatetags\unfold_list.py", line 373, in __init__
    super().__init__(form, *items)
    ~~~~~~~~~~~~~~~~^^^^^^^^^^^^^^
  File "C:\Users\r4v3n\miniconda3\Lib\site-packages\django\contrib\admin\templatetags\admin_list.py", line 324, in __init__
    super().__init__(*items)
    ~~~~~~~~~~~~~~~~^^^^^^^^
  File "C:\Users\r4v3n\miniconda3\Lib\site-packages\unfold\templatetags\unfold_list.py", line 235, in items_for_result
    f, attr, value = lookup_field(field_name, result, cl.model_admin)
                     ~~~~~~~~~~~~^^^^^^^^^^^^^^^^^^^^^^^^^^^^^^^^^^^^
  File "C:\Users\r4v3n\miniconda3\Lib\site-packages\django\contrib\admin\utils.py", line 302, in lookup_field
    value = attr(obj)
  File "C:\Users\r4v3n\Desktop\mobile\django-rest-backend\rides\admin.py", line 81, in has_incidents
    return format_html('<span style="color:#94a3b8;">None</span>')
  File "C:\Users\r4v3n\miniconda3\Lib\site-packages\django\utils\html.py", line 137, in format_html
    raise TypeError("args or kwargs must be provided.")
TypeError: args or kwargs must be provided.
ERROR 2026-05-16 16:41:42,681 runserver 18408 8576 [35;1mHTTP GET /admin/rides/ride/ 500 [2.50, 127.0.0.1:64770][0m
INFO 2026-05-16 16:42:30,999 autoreload 18408 6228 C:\Users\r4v3n\Desktop\mobile\django-rest-backend\rides\admin.py changed, reloading.
INFO 2026-05-16 16:42:32,665 autoreload 41 136597332345600 /app/rides/admin.py changed, reloading.
INFO 2026-05-16 16:42:45,901 autoreload 24628 1808 Watching for file changes with StatReloader
INFO 2026-05-16 16:42:50,852 autoreload 45 139480252781312 Watching for file changes with StatReloader
INFO 2026-05-16 16:55:03,718 runserver 24628 22964 [mHTTP GET /admin/rides/ride/ 200 [3.50, 127.0.0.1:53972][0m
INFO 2026-05-16 16:55:04,302 runserver 24628 22964 [mHTTP GET /admin/jsi18n/ 200 [0.43, 127.0.0.1:53972][0m
INFO 2026-05-16 17:57:35,253 autoreload 24628 1808 C:\Users\r4v3n\Desktop\mobile\django-rest-backend\integrations\google_maps.py changed, reloading.
INFO 2026-05-16 17:57:35,698 autoreload 45 139480252781312 /app/integrations/google_maps.py changed, reloading.
INFO 2026-05-16 17:58:07,535 autoreload 5188 5036 Watching for file changes with StatReloader
INFO 2026-05-16 17:58:26,733 autoreload 49 135638584660736 Watching for file changes with StatReloader
